<?xml version="1.0" encoding="UTF-8"?>
<testng-results skipped="0" failed="0" ignored="0" total="1" passed="1">
  <reporter-output>
  </reporter-output>
  <suite name="Default suite" duration-ms="18477" started-at="2020-08-17T18:48:55Z" finished-at="2020-08-17T18:49:13Z">
    <groups>
    </groups>
    <test name="Default test" duration-ms="18477" started-at="2020-08-17T18:48:55Z" finished-at="2020-08-17T18:49:13Z">
      <class name="com.actitime.qa.testcases.UsersPageTest">
        <test-method status="PASS" signature="setUp()[pri:0, instance:com.actitime.qa.testcases.UsersPageTest@59f99ea]" name="setUp" is-config="true" duration-ms="15026" started-at="2020-08-17T19:48:55Z" finished-at="2020-08-17T19:49:10Z">
          <reporter-output>
          </reporter-output>
        </test-method> <!-- setUp -->
        <test-method status="PASS" signature="createNewUserTest()[pri:0, instance:com.actitime.qa.testcases.UsersPageTest@59f99ea]" name="createNewUserTest" duration-ms="3419" started-at="2020-08-17T19:49:10Z" finished-at="2020-08-17T19:49:13Z">
          <reporter-output>
          </reporter-output>
        </test-method> <!-- createNewUserTest -->
      </class> <!-- com.actitime.qa.testcases.UsersPageTest -->
    </test> <!-- Default test -->
  </suite> <!-- Default suite -->
</testng-results>
